0 info it worked if it ends with ok
1 verbose cli [ 'node', '/usr/local/bin/npm', 'home', 'to-base64' ]
2 info using npm@1.2.32
3 info using node@v0.10.12
4 verbose url raw to-base64/latest
5 verbose url resolving [ 'https://registry.npmjs.org/', './to-base64/latest' ]
6 verbose url resolved https://registry.npmjs.org/to-base64/latest
7 info trying registry request attempt 1 at 19:33:59
8 http GET https://registry.npmjs.org/to-base64/latest
9 http 404 https://registry.npmjs.org/to-base64/latest
10 silly registry.get cb [ 404,
10 silly registry.get   { server: 'CouchDB/1.3.1 (Erlang OTP/R15B03)',
10 silly registry.get     date: 'Sat, 19 Oct 2013 11:32:45 GMT',
10 silly registry.get     'content-type': 'application/json',
10 silly registry.get     'content-length': '52',
10 silly registry.get     'cache-control': 'must-revalidate' } ]
11 error 404 'to-base64' is not in the npm registry.
11 error 404 You should bug the author to publish it
11 error 404
11 error 404 Note that you can also install from a
11 error 404 tarball, folder, or http url, or git url.
12 error System Darwin 12.3.0
13 error command "node" "/usr/local/bin/npm" "home" "to-base64"
14 error cwd /Users/shallker/github/shallker/to-base64
15 error node -v v0.10.12
16 error npm -v 1.2.32
17 error code E404
18 verbose exit [ 1, true ]
